This is pdfTeX, Version 3.1415926-2.5-1.40.14 (TeX Live 2013/Debian) (format=pdflatex 2016.4.7)  2 SEP 2016 02:33
entering extended mode
 restricted \write18 enabled.
 %&-line parsing enabled.
**cover_letter.tex
(./cover_letter.tex
LaTeX2e <2011/06/27>
Babel <3.9h> and hyphenation patterns for 4 languages loaded.
(/usr/share/texlive/texmf-dist/tex/latex/koma-script/scrlttr2.cls
Document Class: scrlttr2 2013/12/19 v3.12 KOMA-Script document class (letter)
(/usr/share/texlive/texmf-dist/tex/latex/koma-script/scrkbase.sty
Package: scrkbase 2013/12/19 v3.12 KOMA-Script package (KOMA-Script-dependent b
asics and keyval usage)

(/usr/share/texlive/texmf-dist/tex/latex/koma-script/scrbase.sty
Package: scrbase 2013/12/19 v3.12 KOMA-Script package (KOMA-Script-independent 
basics and keyval usage)

(/usr/share/texlive/texmf-dist/tex/latex/graphics/keyval.sty
Package: keyval 1999/03/16 v1.13 key=value parser (DPC)
\KV@toks@=\toks14
)
(/usr/share/texlive/texmf-dist/tex/latex/koma-script/scrlfile.sty
Package: scrlfile 2013/12/19 v3.12 KOMA-Script package (loading files)

Package scrlfile, 2013/12/19 v3.12 KOMA-Script package (loading files)
                  Copyright (C) Markus Kohm

)))
Class scrlttr2 Info: File `scrsize12pt.clo' used instead of
(scrlttr2)           file `scrsize12.clo' to setup font sizes on input line 138
4.
 (/usr/share/texlive/texmf-dist/tex/latex/koma-script/scrsize12pt.clo
File: scrsize12pt.clo 2013/12/19 v3.12 KOMA-Script font size class option (12pt
)
)
(/usr/share/texlive/texmf-dist/tex/latex/koma-script/typearea.sty
Package: typearea 2013/12/19 v3.12 KOMA-Script package (type area)

Package typearea, 2013/12/19 v3.12 KOMA-Script package (type area)
                  Copyright (C) Frank Neukam, 1992-1994
                  Copyright (C) Markus Kohm, 1994-

\ta@bcor=\skip41
\ta@div=\count79
\ta@hblk=\skip42
\ta@vblk=\skip43
\ta@temp=\skip44
\footheight=\skip45
Package typearea Info: These are the values describing the layout:
(typearea)             DIV  = 12
(typearea)             BCOR = 0.0pt
(typearea)             \paperwidth      = 597.50793pt
(typearea)              \textwidth      = 448.13095pt
(typearea)              DIV departure   = -6%
(typearea)              \evensidemargin = 2.4185pt
(typearea)              \oddsidemargin  = 2.4185pt
(typearea)             \paperheight     = 845.04694pt
(typearea)              \textheight     = 635.5pt
(typearea)              \topmargin      = -41.72441pt
(typearea)              \headheight     = 18.125pt
(typearea)              \headsep        = 21.75pt
(typearea)              \topskip        = 12.0pt
(typearea)              \footskip       = 50.75pt
(typearea)              \baselineskip   = 14.5pt
(typearea)              on input line 1330.
))
Class scrlttr2 Info: Letter-Class-Option `DIN' loaded on input line 28.
 (/usr/share/texlive/texmf-dist/tex/latex/koma-script/DIN.lco
File: DIN.lco 2013/12/19 v3.12 KOMA-Script letter-class-option
)
(/usr/share/texlive/texmf-dist/tex/generic/babel/babel.sty
Package: babel 2013/12/03 3.9h The Babel package

(/usr/share/texlive/texmf-dist/tex/generic/babel-english/english.ldf
Language: english 2012/08/20 v3.3p English support from the babel system

(/usr/share/texlive/texmf-dist/tex/generic/babel/babel.def
File: babel.def 2013/12/03 3.9h Babel common definitions
\babel@savecnt=\count80
\U@D=\dimen102
)
\l@canadian = a dialect from \language\l@american 
\l@australian = a dialect from \language\l@british 
\l@newzealand = a dialect from \language\l@british 
))
(./cover_letter.aux)
\openout1 = `cover_letter.aux'.

LaTeX Font Info:    Checking defaults for OML/cmm/m/it on input line 45.
LaTeX Font Info:    ... okay on input line 45.
LaTeX Font Info:    Checking defaults for T1/cmr/m/n on input line 45.
LaTeX Font Info:    ... okay on input line 45.
LaTeX Font Info:    Checking defaults for OT1/cmr/m/n on input line 45.
LaTeX Font Info:    ... okay on input line 45.
LaTeX Font Info:    Checking defaults for OMS/cmsy/m/n on input line 45.
LaTeX Font Info:    ... okay on input line 45.
LaTeX Font Info:    Checking defaults for OMX/cmex/m/n on input line 45.
LaTeX Font Info:    ... okay on input line 45.
LaTeX Font Info:    Checking defaults for U/cmr/m/n on input line 45.
LaTeX Font Info:    ... okay on input line 45.
Package scrbase Info: activating english \yourrefname on input line 45.
Package scrbase Info: activating english \yourmailname on input line 45.
Package scrbase Info: activating english \myrefname on input line 45.
Package scrbase Info: activating english \customername on input line 45.
Package scrbase Info: activating english \invoicename on input line 45.
Package scrbase Info: activating english \subjectname on input line 45.
Package scrbase Info: activating english \headfromname on input line 45.
Package scrbase Info: activating english \datename on input line 45.
Package scrbase Info: activating english \phonename on input line 45.
Package scrbase Info: activating english \mobilephonename on input line 45.
Package scrbase Info: activating english \faxname on input line 45.
Package scrbase Info: activating english \emailname on input line 45.
Package scrbase Info: activating english \wwwname on input line 45.
Package scrbase Info: activating english \bankname on input line 45.
Package scrbase Info: activating english \yourrefname on input line 45.
Package scrbase Info: activating english \yourmailname on input line 45.
Package scrbase Info: activating english \myrefname on input line 45.
Package scrbase Info: activating english \customername on input line 45.
Package scrbase Info: activating english \invoicename on input line 45.
Package scrbase Info: activating english \subjectname on input line 45.
Package scrbase Info: activating english \ccname on input line 45.
Package scrbase Info: activating english \enclname on input line 45.
Package scrbase Info: activating english \headtoname on input line 45.
Package scrbase Info: activating english \headfromname on input line 45.
Package scrbase Info: activating english \datename on input line 45.
Package scrbase Info: activating english \pagename on input line 45.
Package scrbase Info: activating english \phonename on input line 45.
Package scrbase Info: activating english \mobilephonename on input line 45.
Package scrbase Info: activating english \faxname on input line 45.
Package scrbase Info: activating english \emailname on input line 45.
Package scrbase Info: activating english \wwwname on input line 45.
Package scrbase Info: activating english \bankname on input line 45.
Class scrlttr2 Info: no date found for language `USenglish'
(scrlttr2)           --> skipped on input line 45.
Package scrbase Info: activating english \yourrefname on input line 45.
Package scrbase Info: activating english \yourmailname on input line 45.
Package scrbase Info: activating english \myrefname on input line 45.
Package scrbase Info: activating english \customername on input line 45.
Package scrbase Info: activating english \invoicename on input line 45.
Package scrbase Info: activating english \subjectname on input line 45.
Package scrbase Info: activating english \ccname on input line 45.
Package scrbase Info: activating english \enclname on input line 45.
Package scrbase Info: activating english \headtoname on input line 45.
Package scrbase Info: activating english \headfromname on input line 45.
Package scrbase Info: activating english \datename on input line 45.
Package scrbase Info: activating english \pagename on input line 45.
Package scrbase Info: activating english \phonename on input line 45.
Package scrbase Info: activating english \mobilephonename on input line 45.
Package scrbase Info: activating english \faxname on input line 45.
Package scrbase Info: activating english \emailname on input line 45.
Package scrbase Info: activating english \wwwname on input line 45.
Package scrbase Info: activating english \bankname on input line 45.
Class scrlttr2 Info: no date found for language `american'
(scrlttr2)           --> skipped on input line 45.
Class scrlttr2 Info: no date found for language `british'
(scrlttr2)           --> skipped on input line 45.
Class scrlttr2 Info: no date found for language `UKenglish'
(scrlttr2)           --> skipped on input line 45.
Class scrlttr2 Info: no date found for language `german'
(scrlttr2)           --> skipped on input line 45.
Class scrlttr2 Info: no date found for language `ngerman'
(scrlttr2)           --> skipped on input line 45.
Class scrlttr2 Info: no date found for language `austrian'
(scrlttr2)           --> skipped on input line 45.
Class scrlttr2 Info: no date found for language `naustrian'
(scrlttr2)           --> skipped on input line 45.
Class scrlttr2 Info: no date found for language `french'
(scrlttr2)           --> skipped on input line 45.
Class scrlttr2 Info: no date found for language `italian'
(scrlttr2)           --> skipped on input line 45.
Class scrlttr2 Info: no date found for language `spanish'
(scrlttr2)           --> skipped on input line 45.
Class scrlttr2 Info: no date found for language `croatian'
(scrlttr2)           --> skipped on input line 45.
Class scrlttr2 Info: no date found for language `dutch'
(scrlttr2)           --> skipped on input line 45.
Class scrlttr2 Info: no date found for language `finnish'
(scrlttr2)           --> skipped on input line 45.
Class scrlttr2 Info: no date found for language `norsk'
(scrlttr2)           --> skipped on input line 45.
Class scrlttr2 Info: no date found for language `swedish'
(scrlttr2)           --> skipped on input line 45.
Class scrlttr2 Info: trying to activate captions and date
(scrlttr2)           of language `english' on input line 45.
Class scrlttr2 Info: used language is `english'.
(scrlttr2)           Supported languages are `english', `UKenglish',
(scrlttr2)           `british', `american', `USenglish',
(scrlttr2)           `german', `ngerman', `austrian', `naustrian',
(scrlttr2)           `dutch', `italian', `spanish',
(scrlttr2)           `croatian', `finnish', `norsk', `swedish' on input line 45
.

Foldmarks: yes
Head of first page
Foot of first page
Address (backaddress, addressee)
LaTeX Font Info:    External font `cmex10' loaded for size
(Font)              <12> on input line 59.
LaTeX Font Info:    External font `cmex10' loaded for size
(Font)              <8> on input line 59.
LaTeX Font Info:    External font `cmex10' loaded for size
(Font)              <6> on input line 59.
Location field: empty
Title: no
Subject: no
[1

{/var/lib/texmf/fonts/map/pdftex/updmap/pdftex.map}] (./cover_letter.aux) ) 
Here is how much of TeX's memory you used:
 1695 strings out of 494985
 26638 string characters out of 6180357
 150503 words of memory out of 5000000
 4950 multiletter control sequences out of 15000+600000
 6676 words of font info for 24 fonts, out of 8000000 for 9000
 36 hyphenation exceptions out of 8191
 35i,8n,50p,275b,194s stack positions out of 5000i,500n,10000p,200000b,80000s
</us
r/share/texlive/texmf-dist/fonts/type1/public/amsfonts/cm/cmr12.pfb></usr/share
/texlive/texmf-dist/fonts/type1/public/amsfonts/cm/cmss8.pfb>
Output written on cover_letter.pdf (1 page, 28855 bytes).
PDF statistics:
 16 PDF objects out of 1000 (max. 8388607)
 10 compressed objects within 1 object stream
 0 named destinations out of 1000 (max. 500000)
 1 words of extra memory for PDF output out of 10000 (max. 10000000)

